SF:lib\api\data_source\auth_local_data_source_impl.dart
DA:11,3
DA:13,1
DA:17,2
DA:20,1
DA:21,2
DA:23,1
DA:25,2
DA:27,1
DA:30,2
DA:31,2
DA:35,1
DA:37,2
LF:12
LH:12
end_of_record
SF:lib\api\mapper\login_mapper.dart
DA:7,2
DA:8,6
DA:13,6
DA:14,18
LF:4
LH:4
end_of_record
SF:lib\api\models\requests\login_request.dart
DA:13,2
DA:18,0
DA:19,0
DA:22,0
DA:23,0
DA:26,1
DA:27,3
LF:7
LH:3
end_of_record
SF:lib\api\models\requests\login_request.g.dart
DA:9,0
DA:10,0
DA:11,0
DA:14,0
DA:15,0
LF:5
LH:0
end_of_record
SF:lib\api\models\responses\login_response.dart
DA:12,6
DA:17,0
DA:18,0
DA:21,0
DA:22,0
LF:5
LH:1
end_of_record
SF:lib\api\models\responses\login_response.g.dart
DA:9,0
DA:10,0
DA:11,0
DA:12,0
DA:15,0
DA:16,0
LF:6
LH:0
end_of_record
SF:lib\domain\entites\login_entity.dart
DA:7,6
DA:9,1
DA:10,3
LF:3
LH:3
end_of_record
SF:lib\domain\entites\requests\login_request_entity.dart
DA:7,4
DA:9,2
DA:10,6
LF:3
LH:3
end_of_record
SF:lib\api\client\api_client.g.dart
DA:14,2
DA:22,0
DA:24,0
DA:25,0
DA:26,0
DA:27,0
DA:28,0
DA:29,0
DA:30,0
DA:31,0
DA:32,0
DA:37,0
DA:39,0
DA:42,0
DA:44,0
DA:50,0
DA:52,0
DA:53,0
DA:54,0
DA:55,0
DA:57,0
DA:58,0
DA:59,0
DA:60,0
DA:65,0
DA:67,0
DA:70,0
DA:72,0
DA:78,0
DA:80,0
DA:81,0
DA:82,0
DA:84,0
DA:85,0
DA:86,0
DA:87,0
DA:92,0
DA:94,0
DA:97,0
DA:99,0
DA:105,0
DA:107,0
DA:108,0
DA:109,0
DA:111,0
DA:112,0
DA:113,0
DA:114,0
DA:115,0
DA:119,0
DA:121,0
DA:124,0
DA:126,0
DA:132,0
DA:133,0
DA:134,0
DA:135,0
DA:136,0
DA:137,0
DA:139,0
DA:145,0
DA:146,0
DA:150,0
DA:152,0
DA:153,0
DA:156,0
LF:66
LH:1
end_of_record
SF:lib\api\data_source\auth_remote_data_source_impl.dart
DA:14,3
DA:16,1
DA:18,1
DA:19,4
DA:20,2
LF:5
LH:5
end_of_record
SF:lib\core\api_result\api_result.dart
DA:8,10
DA:14,10
DA:15,20
DA:16,0
DA:18,30
LF:5
LH:4
end_of_record
SF:lib\api\models\responses\orders\driver_orders_response.dart
DA:16,0
DA:22,0
DA:23,0
DA:26,0
DA:27,0
LF:5
LH:0
end_of_record
SF:lib\api\models\responses\orders\driver_orders_response.g.dart
DA:9,0
DA:11,0
DA:12,0
DA:13,0
DA:15,0
DA:16,0
DA:17,0
DA:18,0
DA:21,0
DA:23,0
DA:24,0
DA:25,0
DA:26,0
LF:13
LH:0
end_of_record
SF:lib\api\models\responses\orders\orders_response.dart
DA:17,6
DA:23,0
DA:24,0
DA:27,0
DA:28,0
LF:5
LH:1
end_of_record
SF:lib\api\models\responses\orders\orders_response.g.dart
DA:9,0
DA:10,0
DA:11,0
DA:12,0
DA:14,0
DA:15,0
DA:16,0
DA:17,0
DA:20,0
DA:21,0
DA:22,0
DA:23,0
DA:24,0
LF:13
LH:0
end_of_record
SF:lib\api\models\responses\orders\start_order_response.dart
DA:13,1
DA:18,0
DA:19,0
DA:22,0
DA:23,0
LF:5
LH:1
end_of_record
SF:lib\api\models\responses\orders\start_order_response.g.dart
DA:9,0
DA:10,0
DA:11,0
DA:12,0
DA:14,0
DA:17,0
DA:18,0
LF:7
LH:0
end_of_record
SF:lib\core\api_result\safe_api_call.dart
DA:3,2
DA:8,2
DA:9,4
DA:11,2
LF:4
LH:4
end_of_record
SF:lib\api\models\driver_order_dto.dart
DA:23,1
DA:33,0
DA:34,0
DA:37,0
DA:38,0
LF:5
LH:1
end_of_record
SF:lib\api\models\driver_order_dto.g.dart
DA:9,0
DA:10,0
DA:11,0
DA:12,0
DA:13,0
DA:15,0
DA:16,0
DA:17,0
DA:18,0
DA:19,0
DA:21,0
DA:24,0
DA:25,0
DA:26,0
DA:27,0
DA:28,0
DA:29,0
DA:30,0
DA:31,0
DA:32,0
LF:20
LH:0
end_of_record
SF:lib\api\models\order_dto.dart
DA:40,6
DA:57,0
DA:58,0
DA:61,0
DA:62,0
LF:5
LH:1
end_of_record
SF:lib\api\models\order_dto.g.dart
DA:9,0
DA:10,0
DA:11,0
DA:13,0
DA:14,0
DA:15,0
DA:16,0
DA:17,0
DA:18,0
DA:20,0
DA:21,0
DA:23,0
DA:24,0
DA:25,0
DA:26,0
DA:27,0
DA:28,0
DA:29,0
DA:30,0
DA:31,0
DA:33,0
DA:36,0
DA:37,0
DA:38,0
DA:39,0
DA:40,0
DA:41,0
DA:42,0
DA:43,0
DA:44,0
DA:45,0
DA:46,0
DA:47,0
DA:48,0
DA:49,0
DA:50,0
LF:36
LH:0
end_of_record
SF:lib\api\models\store_dto.dart
DA:17,7
DA:25,0
DA:26,0
DA:29,0
DA:30,0
LF:5
LH:1
end_of_record
SF:lib\api\models\store_dto.g.dart
DA:9,0
DA:10,0
DA:11,0
DA:12,0
DA:13,0
DA:14,0
DA:17,0
DA:18,0
DA:19,0
DA:20,0
DA:21,0
DA:22,0
LF:12
LH:0
end_of_record
SF:lib\api\models\meta_data_dto.dart
DA:15,7
DA:22,0
DA:23,0
DA:26,0
DA:27,0
LF:5
LH:1
end_of_record
SF:lib\api\models\meta_data_dto.g.dart
DA:9,0
DA:10,0
DA:11,0
DA:12,0
DA:13,0
DA:16,0
DA:17,0
DA:18,0
DA:19,0
DA:20,0
DA:21,0
LF:11
LH:0
end_of_record
SF:lib\api\models\shipping_address_dto.dart
DA:18,7
DA:26,0
DA:27,0
DA:30,0
DA:31,0
LF:5
LH:1
end_of_record
SF:lib\api\models\shipping_address_dto.g.dart
DA:9,0
DA:10,0
DA:11,0
DA:12,0
DA:13,0
DA:14,0
DA:15,0
DA:18,0
DA:19,0
DA:20,0
DA:21,0
DA:22,0
DA:23,0
DA:24,0
LF:14
LH:0
end_of_record
SF:lib\api\models\user_dto.dart
DA:23,7
DA:34,0
DA:35,0
DA:38,0
DA:39,0
LF:5
LH:1
end_of_record
SF:lib\api\models\user_dto.g.dart
DA:9,0
DA:10,0
DA:11,0
DA:12,0
DA:13,0
DA:14,0
DA:15,0
DA:16,0
DA:17,0
DA:20,0
DA:21,0
DA:22,0
DA:23,0
DA:24,0
DA:25,0
DA:26,0
DA:27,0
DA:28,0
LF:18
LH:0
end_of_record
SF:lib\api\models\order_item_dto.dart
DA:16,6
DA:23,0
DA:24,0
DA:27,0
DA:28,0
LF:5
LH:1
end_of_record
SF:lib\api\models\order_item_dto.g.dart
DA:9,0
DA:10,0
DA:12,0
DA:13,0
DA:14,0
DA:15,0
DA:18,0
DA:19,0
DA:20,0
DA:21,0
DA:22,0
DA:23,0
LF:12
LH:0
end_of_record
SF:lib\api\models\product_dto.dart
DA:43,7
DA:64,0
DA:65,0
DA:68,0
DA:69,0
LF:5
LH:1
end_of_record
SF:lib\api\models\product_dto.g.dart
DA:9,0
DA:10,0
DA:11,0
DA:12,0
DA:13,0
DA:14,0
DA:15,0
DA:16,0
DA:17,0
DA:18,0
DA:19,0
DA:20,0
DA:21,0
DA:22,0
DA:23,0
DA:24,0
DA:25,0
DA:26,0
DA:27,0
DA:30,0
DA:31,0
DA:32,0
DA:33,0
DA:34,0
DA:35,0
DA:36,0
DA:37,0
DA:38,0
DA:39,0
DA:40,0
DA:41,0
DA:42,0
DA:43,0
DA:44,0
DA:45,0
DA:46,0
DA:47,0
DA:48,0
DA:49,0
LF:39
LH:0
end_of_record
SF:lib\api\models\start_order_dto.dart
DA:33,5
DA:48,0
DA:49,0
DA:52,0
DA:53,0
LF:5
LH:1
end_of_record
SF:lib\api\models\start_order_dto.g.dart
DA:9,0
DA:10,0
DA:11,0
DA:12,0
DA:13,0
DA:14,0
DA:15,0
DA:16,0
DA:17,0
DA:18,0
DA:19,0
DA:20,0
DA:21,0
DA:22,0
DA:23,0
DA:24,0
DA:27,0
DA:28,0
DA:29,0
DA:30,0
DA:31,0
DA:32,0
DA:33,0
DA:34,0
DA:35,0
DA:36,0
DA:37,0
DA:38,0
DA:39,0
DA:40,0
LF:30
LH:0
end_of_record
SF:lib\api\models\start_order_items_dto.dart
DA:16,7
DA:18,0
DA:19,0
DA:22,0
DA:23,0
LF:5
LH:1
end_of_record
SF:lib\api\models\start_order_items_dto.g.dart
DA:9,0
DA:10,0
DA:11,0
DA:12,0
DA:13,0
DA:14,0
DA:17,0
DA:18,0
DA:19,0
DA:20,0
DA:21,0
DA:22,0
LF:12
LH:0
end_of_record
SF:lib\core\api_result\dio_error_handler.dart
DA:4,0
DA:5,0
DA:6,0
DA:7,0
DA:9,0
DA:10,0
DA:12,0
DA:13,0
DA:15,0
DA:16,0
DA:18,0
DA:19,0
DA:21,0
DA:22,0
DA:24,0
DA:25,0
DA:27,0
DA:28,0
DA:32,0
DA:33,0
DA:36,0
DA:37,0
DA:39,0
DA:40,0
DA:41,0
DA:43,0
DA:44,0
DA:45,0
DA:46,0
DA:47,0
DA:53,0
DA:57,0
DA:59,0
LF:33
LH:0
end_of_record
SF:lib\generated\l10n.dart
DA:16,4
DA:20,0
DA:22,0
DA:30,4
DA:31,4
DA:32,0
DA:33,4
DA:34,4
DA:35,12
DA:36,4
DA:37,4
DA:44,4
DA:45,4
DA:47,4
DA:53,4
DA:54,4
DA:58,0
DA:59,0
DA:63,0
DA:64,0
DA:68,0
DA:73,0
DA:74,0
DA:78,0
DA:83,0
DA:84,0
DA:88,0
DA:93,0
DA:94,0
DA:98,0
DA:103,0
DA:104,0
DA:108,0
DA:113,0
DA:114,0
DA:118,0
DA:123,0
DA:124,0
DA:128,0
DA:133,0
DA:134,0
DA:138,0
DA:143,0
DA:144,0
DA:148,0
DA:153,0
DA:154,0
DA:158,0
DA:163,0
DA:164,0
DA:168,0
DA:169,0
DA:173,0
DA:178,0
DA:179,0
DA:183,0
DA:188,0
DA:189,0
DA:193,0
DA:198,0
DA:199,0
DA:203,0
DA:208,1
DA:209,1
DA:213,1
DA:218,0
DA:219,0
DA:223,0
DA:228,1
DA:229,1
DA:233,1
DA:238,0
DA:239,0
DA:243,0
DA:248,0
DA:249,0
DA:253,0
DA:258,0
DA:259,0
DA:263,0
DA:268,0
DA:269,0
DA:273,0
DA:278,0
DA:279,0
DA:283,0
DA:288,0
DA:289,0
DA:293,0
DA:298,0
DA:299,0
DA:303,0
DA:308,1
DA:309,2
DA:313,0
DA:314,0
DA:318,0
DA:319,0
DA:323,0
DA:324,0
DA:328,1
DA:329,1
DA:333,1
DA:338,1
DA:339,2
DA:343,1
DA:344,1
DA:348,1
DA:353,1
DA:355,1
DA:360,1
DA:365,0
DA:366,0
DA:370,0
DA:371,0
DA:375,0
DA:376,0
DA:380,3
DA:381,6
DA:385,3
DA:386,6
DA:390,3
DA:391,6
DA:395,3
DA:396,6
DA:400,3
DA:401,3
DA:405,3
DA:410,3
DA:411,3
DA:415,3
DA:420,3
DA:421,3
DA:425,3
DA:430,3
DA:431,6
DA:435,1
DA:436,2
DA:440,1
DA:441,1
DA:445,1
DA:450,1
DA:451,1
DA:455,1
DA:460,1
DA:461,1
DA:465,1
DA:470,1
DA:471,1
DA:475,1
DA:480,1
DA:481,2
DA:485,1
DA:486,2
DA:490,1
DA:491,2
DA:495,1
DA:496,2
DA:500,0
DA:501,0
DA:505,0
DA:510,0
DA:511,0
DA:515,0
DA:520,0
DA:521,0
DA:525,0
DA:526,0
DA:530,0
DA:535,0
DA:536,0
DA:540,0
DA:541,0
DA:545,0
DA:550,0
DA:551,0
DA:555,0
DA:560,0
DA:561,0
DA:565,0
DA:570,0
DA:571,0
DA:575,0
DA:580,0
DA:581,0
DA:585,0
DA:590,0
DA:591,0
DA:596,2
DA:598,4
DA:602,4
DA:603,4
DA:604,4
DA:605,4
DA:606,0
DA:609,4
DA:610,8
DA:611,12
LF:198
LH:82
end_of_record
SF:lib\generated\intl\messages_all.dart
DA:22,12
DA:23,8
DA:26,4
DA:28,4
DA:29,4
DA:36,4
DA:37,4
DA:39,12
DA:40,0
DA:43,0
DA:45,8
DA:46,4
DA:47,12
DA:48,8
DA:49,4
DA:52,4
DA:54,4
DA:60,4
DA:61,4
DA:64,0
DA:67,4
LF:21
LH:18
end_of_record
SF:lib\generated\intl\messages_en.dart
DA:16,12
DA:21,0
DA:24,8
DA:25,4
DA:26,4
DA:27,4
DA:28,4
DA:29,4
DA:32,4
DA:35,4
DA:38,4
DA:41,4
DA:44,4
DA:47,4
DA:48,4
DA:51,4
DA:54,4
DA:55,4
DA:56,4
DA:59,4
DA:62,4
DA:65,4
DA:68,4
DA:71,4
DA:74,4
DA:75,4
DA:78,4
DA:79,4
DA:82,4
DA:83,4
DA:84,4
DA:87,4
DA:88,4
DA:89,4
DA:92,4
DA:95,4
DA:98,4
DA:99,4
DA:100,4
DA:101,4
DA:104,4
DA:105,4
DA:108,4
DA:109,4
DA:110,4
DA:111,4
DA:112,4
DA:115,4
DA:118,4
DA:119,4
DA:120,4
DA:123,4
DA:126,4
DA:127,4
DA:130,4
DA:131,4
DA:132,4
DA:135,4
DA:136,4
DA:138,4
DA:141,4
DA:144,4
DA:145,4
DA:146,4
DA:149,4
DA:150,4
DA:153,4
DA:154,4
LF:68
LH:67
end_of_record
SF:lib\api\data_source\orders_remote_data_source_impl.dart
DA:18,1
DA:20,1
DA:22,1
DA:23,3
DA:24,2
DA:28,1
DA:30,5
DA:31,2
DA:35,0
DA:38,0
DA:40,0
DA:41,0
DA:42,0
DA:44,0
DA:48,0
DA:53,0
DA:54,0
DA:55,0
DA:57,0
DA:60,0
DA:64,0
DA:67,0
DA:68,0
DA:69,0
DA:71,0
DA:75,0
LF:26
LH:8
end_of_record
SF:lib\api\mapper\orders_mapper.dart
DA:26,1
DA:27,1
DA:28,1
DA:29,1
DA:30,2
DA:31,1
DA:32,1
DA:33,1
DA:34,2
DA:40,6
DA:41,6
DA:42,6
DA:43,12
DA:44,30
DA:45,6
DA:46,12
DA:47,6
DA:48,6
DA:49,6
DA:50,6
DA:51,6
DA:52,6
DA:53,6
DA:54,6
DA:55,12
DA:61,6
DA:62,6
DA:63,12
DA:64,6
DA:65,6
DA:66,6
DA:72,6
DA:73,6
DA:74,6
DA:75,6
DA:76,6
DA:77,6
DA:78,6
DA:79,6
DA:80,6
DA:81,6
DA:82,6
DA:83,6
DA:84,6
DA:85,6
DA:86,6
DA:87,6
DA:88,6
DA:89,6
DA:90,6
DA:91,6
DA:97,6
DA:98,6
DA:99,6
DA:100,6
DA:101,6
DA:102,6
DA:103,6
DA:109,6
DA:110,6
DA:111,6
DA:112,6
DA:113,6
DA:114,6
DA:115,6
DA:116,6
DA:117,6
DA:118,6
DA:124,5
DA:125,5
DA:126,5
DA:127,5
DA:128,25
DA:129,5
DA:130,5
DA:131,5
DA:132,5
DA:133,5
DA:134,5
DA:135,5
DA:136,5
DA:137,5
DA:143,5
DA:144,5
DA:145,5
DA:146,5
DA:147,5
DA:148,5
DA:154,6
DA:155,6
DA:156,6
DA:157,6
DA:158,6
DA:159,6
DA:160,6
DA:166,6
DA:167,6
DA:168,6
DA:169,6
DA:170,6
DA:171,6
DA:177,6
DA:178,6
DA:179,12
DA:180,30
LF:105
LH:105
end_of_record
SF:lib\domain\entites\pending_orders_entity.dart
DA:9,6
DA:11,1
DA:12,3
LF:3
LH:3
end_of_record
SF:lib\domain\entites\start_order_entity.dart
DA:18,5
DA:33,1
DA:35,1
DA:36,1
DA:37,1
DA:38,1
DA:39,1
DA:40,1
DA:41,1
DA:42,1
DA:43,1
DA:44,1
DA:45,1
DA:46,1
DA:47,1
LF:15
LH:15
end_of_record
SF:lib\domain\entites\order_firestore_entity.dart
DA:12,0
DA:14,0
DA:15,0
DA:16,0
DA:17,0
DA:18,0
DA:22,0
DA:23,0
DA:24,0
DA:25,0
DA:26,0
DA:27,0
DA:31,0
DA:36,0
DA:37,0
DA:38,0
DA:39,0
DA:43,0
DA:44,0
LF:19
LH:0
end_of_record
SF:lib\domain\entites\driver_order_entity.dart
DA:14,1
DA:24,0
DA:26,0
LF:3
LH:1
end_of_record
SF:lib\domain\entites\meta_data_entity.dart
DA:9,6
DA:16,1
DA:17,5
LF:3
LH:3
end_of_record
SF:lib\domain\entites\order_entity.dart
DA:23,6
DA:39,0
DA:55,0
DA:56,0
DA:57,0
DA:58,0
DA:59,0
DA:60,0
DA:61,0
DA:62,0
DA:63,0
DA:64,0
DA:65,0
DA:66,0
DA:67,0
DA:68,0
DA:69,0
DA:73,0
DA:74,0
DA:75,0
DA:76,0
DA:77,0
DA:78,0
DA:79,0
DA:80,0
DA:81,0
DA:82,0
DA:83,0
DA:84,0
DA:85,0
DA:86,0
DA:87,0
DA:88,0
DA:92,0
DA:93,0
DA:94,0
DA:95,0
DA:96,0
DA:97,0
DA:98,0
DA:99,0
DA:100,0
DA:101,0
DA:102,0
DA:105,0
DA:106,0
DA:107,0
DA:108,0
DA:109,0
DA:110,0
DA:111,0
DA:112,0
DA:113,0
DA:117,2
DA:118,2
DA:119,2
DA:120,2
DA:121,2
DA:122,2
DA:123,2
DA:124,2
DA:125,2
DA:126,2
DA:127,2
DA:128,2
DA:129,2
DA:130,2
DA:131,2
DA:132,2
LF:69
LH:17
end_of_record
SF:lib\domain\entites\order_item_entity.dart
DA:10,6
DA:12,0
DA:13,0
DA:14,0
DA:15,0
DA:16,0
DA:17,0
DA:21,0
DA:22,0
DA:23,0
DA:24,0
DA:25,0
DA:26,0
DA:30,2
DA:31,10
LF:15
LH:3
end_of_record
SF:lib\domain\entites\product_entity.dart
DA:23,6
DA:44,0
DA:45,0
DA:46,0
DA:47,0
DA:48,0
DA:49,0
DA:50,0
DA:51,0
DA:52,0
DA:53,0
DA:54,0
DA:55,0
DA:56,0
DA:57,0
DA:58,0
DA:59,0
DA:60,0
DA:61,0
DA:62,0
DA:63,0
DA:67,0
DA:68,0
DA:69,0
DA:70,0
DA:71,0
DA:72,0
DA:73,0
DA:74,0
DA:75,0
DA:76,0
DA:77,0
DA:78,0
DA:79,0
DA:80,0
DA:81,0
DA:82,0
DA:83,0
DA:84,0
DA:85,0
DA:86,0
DA:90,2
DA:92,2
DA:93,2
DA:94,2
DA:95,2
DA:96,2
DA:97,2
DA:98,2
DA:99,2
DA:100,2
DA:101,2
DA:102,2
DA:103,2
DA:104,2
DA:105,2
DA:106,2
DA:107,2
DA:108,2
DA:109,2
DA:110,2
LF:61
LH:21
end_of_record
SF:lib\domain\entites\shipping_address_entity.dart
DA:10,6
DA:18,0
DA:19,0
DA:20,0
DA:21,0
DA:22,0
DA:23,0
DA:24,0
DA:28,0
DA:29,0
DA:30,0
DA:31,0
DA:32,0
DA:33,0
DA:34,0
DA:38,2
DA:39,12
LF:17
LH:3
end_of_record
SF:lib\domain\entites\start_order_items_entity.dart
DA:9,5
DA:11,1
DA:12,5
LF:3
LH:3
end_of_record
SF:lib\domain\entites\store_entity.dart
DA:10,6
DA:18,0
DA:19,0
DA:20,0
DA:21,0
DA:22,0
DA:23,0
DA:24,0
DA:28,0
DA:29,0
DA:30,0
DA:31,0
DA:32,0
DA:33,0
DA:34,0
DA:38,2
DA:39,12
LF:17
LH:3
end_of_record
SF:lib\domain\entites\user_entity.dart
DA:13,6
DA:24,0
DA:25,0
DA:26,0
DA:27,0
DA:28,0
DA:29,0
DA:30,0
DA:31,0
DA:32,0
DA:33,0
DA:37,0
DA:38,0
DA:39,0
DA:40,0
DA:41,0
DA:42,0
DA:43,0
DA:44,0
DA:45,0
DA:46,0
DA:50,2
DA:52,2
DA:53,2
DA:54,2
DA:55,2
DA:56,2
DA:57,2
DA:58,2
DA:59,2
DA:60,2
LF:31
LH:11
end_of_record
SF:lib\domain\entites\driver_entity.dart
DA:21,0
DA:39,0
DA:40,0
DA:41,0
DA:42,0
DA:43,0
DA:44,0
DA:45,0
DA:46,0
DA:47,0
DA:48,0
DA:49,0
DA:50,0
DA:51,0
DA:52,0
DA:53,0
DA:54,0
DA:55,0
DA:59,0
DA:60,0
DA:61,0
DA:62,0
DA:63,0
DA:64,0
DA:65,0
DA:66,0
DA:67,0
DA:68,0
DA:69,0
DA:70,0
DA:71,0
DA:72,0
DA:73,0
DA:74,0
DA:75,0
DA:79,0
DA:81,0
DA:82,0
DA:83,0
DA:84,0
DA:85,0
DA:86,0
DA:87,0
DA:88,0
DA:89,0
DA:90,0
DA:91,0
DA:92,0
DA:93,0
DA:94,0
DA:95,0
DA:96,0
LF:52
LH:0
end_of_record
SF:lib\domain\entites\live_location_entity.dart
DA:8,0
DA:14,0
DA:15,0
DA:16,0
DA:17,0
DA:18,0
DA:22,0
DA:23,0
DA:24,0
DA:25,0
DA:26,0
DA:30,0
DA:31,0
LF:13
LH:0
end_of_record
SF:lib\data\repo\auth_repo_impl.dart
DA:15,3
DA:17,1
DA:21,2
DA:23,1
DA:24,4
DA:25,2
DA:29,1
DA:30,2
LF:8
LH:8
end_of_record
SF:lib\data\repo\orders_repo_impl.dart
DA:14,1
DA:16,1
DA:18,2
DA:21,1
DA:23,2
DA:26,0
DA:28,0
DA:31,0
DA:33,0
DA:36,0
DA:38,0
LF:11
LH:5
end_of_record
SF:lib\domain\use_cases\get_all_pending_orders_use_case.dart
DA:11,1
DA:13,1
DA:14,2
LF:3
LH:3
end_of_record
SF:lib\domain\use_cases\login_use_case.dart
DA:12,3
DA:14,1
DA:17,2
LF:3
LH:3
end_of_record
SF:lib\domain\use_cases\start_order_use_case.dart
DA:11,1
DA:13,1
DA:14,2
LF:3
LH:3
end_of_record
SF:lib\presentation\auth\login\view_model\login_view_model.dart
DA:21,4
DA:22,4
DA:31,4
DA:33,4
DA:34,2
DA:35,4
DA:36,2
DA:37,4
DA:38,4
DA:39,2
DA:40,2
DA:41,2
DA:42,2
DA:46,4
DA:47,8
DA:50,2
DA:51,2
DA:52,2
DA:53,2
DA:54,2
DA:55,2
DA:56,1
DA:60,2
DA:61,2
DA:62,4
DA:63,2
DA:64,4
DA:65,4
DA:69,2
DA:70,6
DA:71,2
DA:72,2
DA:73,6
DA:78,2
DA:79,8
DA:80,4
DA:82,6
DA:86,2
DA:87,8
DA:90,2
DA:91,12
DA:92,4
DA:94,4
DA:98,4
DA:100,8
DA:101,8
DA:102,4
LF:47
LH:47
end_of_record
SF:lib\presentation\auth\login\view_model\login_state.dart
DA:8,2
DA:10,2
DA:15,2
DA:16,0
DA:17,2
DA:18,2
DA:22,2
DA:23,8
LF:8
LH:7
end_of_record
SF:lib\api\client\dio_module.dart
DA:9,4
DA:11,4
DA:12,4
DA:19,8
DA:20,4
DA:31,8
DA:32,4
DA:33,0
DA:34,0
DA:35,0
DA:36,0
DA:38,0
LF:12
LH:7
end_of_record
SF:lib\core\utils\token_storage\token_storage.dart
DA:8,0
DA:10,0
DA:12,0
DA:14,0
DA:16,0
DA:17,0
DA:18,0
DA:22,0
DA:23,0
DA:26,0
DA:27,0
LF:11
LH:0
end_of_record
SF:lib\api\client\firebase_module.dart
DA:6,0
DA:7,0
LF:2
LH:0
end_of_record
SF:lib\core\base_state\base_state.dart
DA:7,1
DA:8,0
DA:9,0
DA:10,0
DA:11,0
DA:12,0
DA:13,0
LF:7
LH:1
end_of_record
SF:lib\core\constants\app_colors.dart
DA:4,8
DA:17,8
DA:30,8
LF:3
LH:3
end_of_record
SF:lib\core\constants\app_theme.dart
DA:7,12
DA:9,4
DA:11,4
DA:13,4
DA:14,4
DA:15,4
DA:16,4
DA:18,4
DA:19,4
DA:20,4
DA:22,4
DA:23,8
DA:24,8
DA:25,8
DA:26,4
DA:27,4
DA:30,8
DA:31,4
DA:32,4
DA:37,4
DA:38,4
DA:41,4
DA:42,4
DA:43,4
DA:44,4
DA:47,8
DA:50,4
DA:52,4
DA:53,16
DA:54,4
DA:55,8
DA:59,4
DA:64,5
DA:65,1
DA:66,1
DA:68,1
DA:70,4
DA:71,4
DA:72,4
DA:73,4
DA:74,4
DA:88,4
DA:89,4
DA:90,4
DA:91,8
DA:92,4
DA:93,8
DA:94,8
DA:98,4
DA:99,4
DA:100,4
DA:103,4
DA:104,4
DA:118,4
DA:119,4
DA:120,8
DA:121,8
DA:125,4
DA:131,4
DA:132,4
DA:133,4
LF:61
LH:61
end_of_record
SF:lib\core\custom_widget\custom_cached_network_image.dart
DA:11,1
DA:20,1
DA:22,1
DA:23,1
DA:24,1
DA:25,1
DA:26,1
DA:27,1
DA:28,1
DA:29,1
DA:31,0
LF:11
LH:10
end_of_record
SF:lib\core\custom_widget\custom_dialog.dart
DA:14,1
DA:19,1
DA:20,1
DA:22,0
DA:23,0
DA:24,0
DA:25,0
DA:26,0
DA:28,0
DA:29,0
DA:30,0
DA:39,1
DA:47,1
DA:48,1
DA:50,1
DA:51,1
DA:52,2
DA:53,1
DA:56,1
DA:57,1
DA:58,2
DA:59,1
DA:60,0
DA:61,0
DA:62,0
DA:64,0
DA:67,1
DA:68,3
DA:69,4
DA:70,1
DA:82,0
DA:92,0
DA:93,0
DA:95,0
DA:96,0
DA:97,0
DA:98,0
DA:101,0
DA:102,0
DA:103,0
DA:104,0
DA:106,0
DA:107,0
DA:108,0
DA:109,0
DA:110,0
DA:111,0
DA:112,0
DA:113,0
DA:116,0
DA:117,0
DA:118,0
DA:120,0
DA:123,0
DA:124,0
DA:125,0
DA:126,0
DA:132,0
DA:133,0
DA:134,0
DA:135,0
DA:136,0
DA:138,0
DA:141,0
DA:142,0
DA:143,0
DA:144,0
LF:67
LH:18
end_of_record
SF:lib\core\custom_widget\test_app_wrapper.dart
DA:14,0
DA:16,4
DA:19,4
DA:21,4
DA:22,4
DA:24,8
DA:26,4
DA:30,4
DA:34,4
DA:35,4
DA:36,4
DA:43,4
LF:12
LH:11
end_of_record
SF:lib\core\router\app_router.dart
DA:12,12
DA:13,4
DA:15,2
DA:17,4
DA:19,0
DA:21,4
DA:23,0
DA:25,4
DA:27,0
DA:29,4
DA:31,0
DA:33,4
DA:35,0
DA:37,4
DA:39,0
DA:43,0
DA:44,0
DA:48,0
LF:18
LH:9
end_of_record
SF:lib\domain\use_cases\add_order_to_firestore_use_case.dart
DA:11,0
DA:13,0
DA:14,0
LF:3
LH:0
end_of_record
SF:lib\domain\use_cases\get_order_from_firestore_use_case.dart
DA:11,0
DA:13,0
DA:14,0
LF:3
LH:0
end_of_record
SF:lib\domain\use_cases\stream_order_from_firestore_use_case.dart
DA:11,0
DA:13,0
DA:14,0
LF:3
LH:0
end_of_record
SF:lib\presentation\home\view_model\home_view_model.dart
DA:25,1
DA:31,1
DA:40,1
DA:42,1
DA:43,1
DA:44,1
DA:45,2
DA:46,1
DA:47,2
DA:48,1
DA:49,1
DA:53,1
DA:54,1
DA:55,2
DA:57,1
DA:58,4
DA:59,4
DA:60,5
DA:62,1
DA:63,1
DA:64,3
DA:70,1
DA:71,2
DA:72,2
DA:73,4
DA:76,1
DA:77,3
DA:78,1
DA:79,3
DA:80,1
DA:81,4
DA:83,3
DA:86,1
DA:87,2
DA:88,3
DA:89,1
DA:90,3
DA:91,3
DA:94,1
DA:95,4
DA:96,2
DA:97,1
DA:99,3
DA:100,3
DA:102,1
DA:103,4
DA:104,4
DA:105,3
DA:106,3
DA:107,3
DA:108,1
DA:110,1
DA:111,1
DA:112,2
DA:114,1
DA:117,1
LF:56
LH:56
end_of_record
SF:lib\presentation\home\view_model\home_state.dart
DA:10,3
DA:18,1
DA:25,1
DA:26,1
DA:27,1
DA:29,1
DA:34,1
DA:35,1
DA:36,1
DA:37,1
DA:38,1
DA:39,1
DA:40,1
LF:13
LH:13
end_of_record
SF:lib\presentation\main_home\view_models\main_home_view_model.dart
DA:9,2
DA:13,1
DA:15,1
DA:16,2
DA:18,1
DA:19,2
DA:24,1
DA:25,2
DA:26,0
DA:28,3
DA:31,1
DA:32,3
DA:35,1
DA:37,2
DA:38,1
LF:15
LH:14
end_of_record
SF:lib\presentation\order_details\view_model\order_details_view_model_state.dart
DA:4,1
DA:7,0
DA:11,0
DA:12,0
DA:13,0
DA:17,0
DA:18,0
LF:7
LH:1
end_of_record
SF:lib\presentation\order_details\view_model\order_details_view_model_cubit.dart
DA:17,0
DA:20,0
DA:24,0
DA:26,0
DA:27,0
DA:28,0
DA:29,0
DA:30,0
DA:31,0
DA:32,0
DA:33,0
DA:53,0
DA:54,0
DA:55,0
DA:56,0
DA:57,0
DA:58,0
DA:60,0
DA:61,0
DA:62,0
DA:63,0
DA:64,0
DA:66,0
DA:67,0
DA:68,0
DA:69,0
DA:76,0
DA:77,0
DA:78,0
DA:80,0
DA:81,0
DA:84,0
DA:85,0
DA:87,0
DA:88,0
DA:89,0
DA:90,0
DA:91,0
DA:92,0
DA:93,0
DA:98,0
DA:99,0
DA:100,0
DA:101,0
DA:102,0
DA:103,0
DA:109,0
DA:113,0
DA:114,0
DA:117,0
DA:118,0
DA:120,0
DA:124,0
DA:125,0
DA:127,0
DA:128,0
DA:130,0
DA:134,0
DA:136,0
DA:137,0
LF:60
LH:0
end_of_record
SF:lib\core\module\secure_storage_module.dart
DA:6,2
LF:1
LH:1
end_of_record
SF:lib\core\di\di.dart
DA:6,12
DA:8,4
DA:13,8
LF:3
LH:3
end_of_record
SF:lib\presentation\application_approved\views\screen\application_approved_screen.dart
DA:5,1
DA:7,1
LF:2
LH:2
end_of_record
SF:lib\presentation\main_home\views\screen\main_home_screen.dart
DA:14,0
DA:18,0
DA:20,0
DA:21,0
DA:22,0
DA:23,0
DA:24,0
DA:25,0
DA:26,0
DA:27,0
DA:29,0
DA:30,0
DA:31,0
DA:32,0
DA:33,0
DA:35,0
DA:37,0
DA:39,0
DA:40,0
DA:42,0
DA:44,0
DA:46,0
DA:47,0
DA:49,0
DA:51,0
DA:55,0
DA:56,0
LF:27
LH:0
end_of_record
SF:lib\presentation\onboarding\views\screen\onboarding_screen.dart
DA:5,1
DA:7,1
LF:2
LH:2
end_of_record
SF:lib\presentation\order_details\view\screen\order_details_view.dart
DA:12,1
DA:14,0
DA:16,0
DA:17,0
DA:18,0
DA:19,0
DA:21,0
DA:22,0
DA:26,0
DA:27,0
DA:28,0
DA:36,0
DA:37,0
DA:38,0
DA:39,0
LF:15
LH:1
end_of_record
SF:lib\presentation\orders\views\screen\orders_screen.dart
DA:4,1
DA:6,0
LF:2
LH:1
end_of_record
SF:lib\presentation\profile\views\screen\profile_screen.dart
DA:4,1
DA:6,0
LF:2
LH:1
end_of_record
SF:lib\presentation\auth\login\view\screen\login_screen.dart
DA:16,1
DA:18,3
DA:19,3
DA:27,3
DA:29,3
DA:30,9
DA:31,9
DA:34,3
DA:36,6
DA:37,3
DA:40,3
DA:42,3
DA:43,3
DA:44,9
DA:45,3
DA:46,6
DA:47,3
DA:49,0
DA:54,3
DA:55,3
DA:56,1
DA:57,2
DA:58,1
DA:59,1
DA:62,2
DA:63,1
DA:64,1
DA:65,1
DA:66,1
DA:68,2
DA:69,1
DA:71,1
DA:72,1
DA:75,6
LF:34
LH:33
end_of_record
SF:lib\core\utils\validations.dart
DA:6,0
DA:8,1
DA:9,1
DA:13,0
DA:14,2
DA:15,0
DA:16,2
DA:17,2
DA:23,1
DA:24,1
DA:28,0
DA:29,1
DA:30,0
DA:31,3
DA:32,2
DA:38,0
DA:39,0
DA:40,0
DA:41,0
DA:42,0
DA:48,0
DA:49,0
DA:51,0
DA:52,0
DA:53,0
DA:54,0
DA:55,0
DA:61,0
DA:62,0
DA:63,0
DA:69,0
DA:70,0
DA:72,0
DA:73,0
DA:74,0
DA:75,0
DA:76,0
DA:77,0
DA:83,0
DA:84,0
DA:86,0
DA:87,0
DA:90,0
DA:91,0
LF:44
LH:10
end_of_record
SF:lib\presentation\application_approved\views\widgets\application_approved_view_body.dart
DA:11,1
DA:13,1
DA:15,1
DA:16,1
DA:17,1
DA:19,1
DA:22,1
DA:23,1
DA:24,2
DA:25,1
DA:27,1
DA:29,1
DA:30,2
DA:31,1
DA:32,1
DA:33,1
DA:40,2
DA:41,1
DA:42,2
DA:44,4
DA:48,2
DA:49,1
DA:50,2
DA:52,1
DA:54,3
DA:56,2
DA:57,1
DA:58,1
DA:60,1
DA:62,1
DA:63,1
DA:65,3
LF:32
LH:32
end_of_record
SF:lib\presentation\auth\login\view\widget\login_body_section.dart
DA:11,3
DA:13,3
DA:15,3
DA:16,6
DA:17,3
DA:18,9
DA:19,3
DA:20,3
DA:21,3
DA:22,6
DA:23,6
LF:11
LH:11
end_of_record
SF:lib\presentation\auth\login\view\widget\login_field_section.dart
DA:14,3
DA:16,3
DA:18,3
DA:19,3
DA:20,3
DA:21,3
DA:23,6
DA:24,9
DA:26,3
DA:27,6
DA:28,6
DA:32,3
DA:34,3
DA:35,6
DA:36,3
DA:37,3
DA:40,6
DA:41,9
DA:43,3
DA:44,6
DA:45,6
DA:46,3
DA:50,1
DA:51,3
DA:53,3
DA:54,3
DA:61,3
DA:69,1
DA:70,3
LF:29
LH:29
end_of_record
SF:lib\presentation\auth\login\view\widget\login_footer_section.dart
DA:15,3
DA:17,3
DA:19,3
DA:21,3
DA:22,3
DA:23,3
DA:25,3
DA:26,3
DA:27,6
DA:28,3
DA:29,3
DA:30,3
DA:32,6
DA:35,3
DA:36,6
DA:37,9
DA:40,1
DA:41,3
DA:47,3
DA:49,1
DA:50,1
DA:52,3
DA:53,6
DA:54,12
DA:55,3
DA:57,3
DA:63,3
DA:64,6
DA:65,3
DA:66,3
DA:68,3
DA:69,1
DA:70,4
DA:71,3
DA:75,3
DA:76,6
DA:77,12
DA:78,3
LF:38
LH:38
end_of_record
SF:lib\presentation\home\view\screen\home_page.dart
DA:16,1
DA:18,1
DA:19,1
DA:25,1
DA:27,1
DA:28,3
DA:29,3
DA:32,1
DA:34,2
DA:35,1
DA:38,1
DA:40,1
DA:41,1
DA:42,1
DA:43,1
DA:44,0
DA:46,0
DA:48,1
DA:49,0
DA:50,0
DA:51,0
DA:52,0
DA:58,1
DA:59,1
DA:62,3
DA:63,4
DA:65,1
DA:67,1
DA:68,1
DA:69,1
DA:70,3
DA:71,1
DA:72,2
DA:73,4
DA:74,1
DA:80,1
DA:81,1
DA:82,1
DA:83,3
DA:84,2
DA:85,1
DA:86,3
DA:90,1
DA:92,1
DA:93,1
DA:94,1
DA:95,1
DA:97,2
DA:98,1
DA:99,1
DA:100,4
DA:103,2
DA:104,1
DA:107,1
DA:108,2
DA:113,1
DA:114,0
LF:57
LH:50
end_of_record
SF:lib\presentation\home\view_model\home_events.dart
DA:6,1
DA:10,1
LF:2
LH:2
end_of_record
SF:lib\presentation\home\view\widget\home_order_card.dart
DA:16,1
DA:23,1
DA:25,1
DA:26,2
DA:27,1
DA:28,1
DA:29,1
DA:30,1
DA:31,1
DA:32,1
DA:38,1
DA:40,1
DA:41,1
DA:42,1
DA:43,2
DA:44,1
DA:46,4
DA:48,1
DA:49,2
DA:50,3
DA:51,3
DA:52,3
DA:54,1
DA:55,2
DA:56,3
DA:57,3
DA:59,7
DA:61,1
DA:63,1
DA:64,1
DA:65,1
DA:66,5
DA:67,1
DA:69,3
DA:71,1
DA:72,1
DA:73,2
DA:74,1
DA:75,2
DA:77,1
DA:78,3
DA:79,1
DA:80,1
DA:81,1
DA:83,1
DA:84,1
DA:86,1
DA:87,1
DA:88,1
DA:89,1
DA:93,0
DA:94,0
DA:96,3
DA:101,1
DA:102,1
DA:103,2
DA:104,1
DA:105,2
DA:107,1
DA:108,0
DA:109,0
DA:111,3
LF:62
LH:58
end_of_record
SF:lib\presentation\home\view\widget\home_info_card.dart
DA:14,1
DA:22,1
DA:24,1
DA:26,1
DA:27,1
DA:28,1
DA:29,1
DA:30,1
DA:32,3
DA:34,1
DA:35,2
DA:36,1
DA:37,1
DA:38,2
DA:39,1
DA:40,1
DA:41,1
DA:47,1
DA:49,1
DA:50,1
DA:51,1
DA:52,1
DA:53,1
DA:54,1
DA:55,1
DA:56,1
DA:60,1
DA:61,1
DA:62,1
DA:65,1
DA:66,1
DA:67,1
DA:68,1
DA:70,3
DA:74,1
DA:77,1
DA:78,1
DA:79,1
DA:82,1
DA:83,1
DA:85,1
DA:86,1
DA:87,1
DA:88,3
LF:44
LH:44
end_of_record
SF:lib\presentation\main_home\view_models\main_home_events.dart
DA:5,1
DA:10,1
LF:2
LH:2
end_of_record
SF:lib\presentation\main_home\view_models\main_home_states.dart
DA:6,2
DA:8,1
DA:9,1
DA:12,1
DA:13,2
LF:5
LH:5
end_of_record
SF:lib\presentation\main_home\views\widgets\custom_nav_bar_icon.dart
DA:7,0
DA:13,0
DA:15,0
DA:16,0
DA:17,0
LF:5
LH:0
end_of_record
SF:lib\presentation\main_home\views\widgets\custom_page_view.dart
DA:10,0
DA:12,0
DA:14,0
DA:15,0
DA:16,0
DA:19,0
DA:20,0
LF:7
LH:0
end_of_record
SF:lib\presentation\onboarding\views\widgets\onboarding_view_body.dart
DA:11,1
DA:13,1
DA:15,1
DA:16,2
DA:17,1
DA:19,1
DA:20,2
DA:21,1
DA:22,1
DA:23,1
DA:32,2
DA:33,1
DA:34,2
DA:35,1
DA:37,3
DA:39,2
DA:40,1
DA:41,1
DA:43,1
DA:45,1
DA:46,1
DA:48,3
DA:51,2
DA:52,1
DA:53,1
DA:55,1
DA:57,4
DA:58,2
DA:59,1
DA:60,1
DA:61,1
DA:66,1
DA:67,1
DA:69,1
DA:70,2
DA:71,4
LF:36
LH:36
end_of_record
SF:lib\presentation\order_details\view\widgets\order_details_body_builder.dart
DA:7,1
DA:9,0
DA:11,0
DA:12,0
DA:13,0
DA:14,0
DA:15,0
DA:16,0
DA:17,0
DA:18,0
DA:20,0
DA:21,0
DA:22,0
DA:23,0
DA:24,0
DA:28,0
LF:16
LH:1
end_of_record
SF:lib\presentation\order_details\view_model\order_details_event.dart
DA:6,0
DA:14,0
DA:19,0
LF:3
LH:0
end_of_record
SF:lib\presentation\order_details\view\widgets\custom_card_order_details_info.dart
DA:10,0
DA:18,0
DA:20,0
DA:21,0
DA:22,0
DA:24,0
DA:25,0
DA:28,0
DA:29,0
DA:30,0
DA:32,0
DA:33,0
DA:37,0
DA:38,0
DA:39,0
DA:40,0
DA:44,0
DA:45,0
DA:46,0
DA:48,0
DA:49,0
DA:50,0
DA:51,0
DA:52,0
DA:54,0
DA:59,0
DA:60,0
DA:61,0
DA:63,0
DA:71,0
DA:72,0
DA:73,0
DA:75,0
DA:76,0
LF:34
LH:0
end_of_record
SF:lib\presentation\order_details\view\widgets\custom_card_price_info_order.dart
DA:8,0
DA:14,0
DA:16,0
DA:18,0
DA:20,0
DA:21,0
DA:23,0
DA:24,0
DA:25,0
DA:26,0
DA:27,0
DA:28,0
DA:29,0
DA:35,0
DA:36,0
DA:37,0
LF:16
LH:0
end_of_record
SF:lib\presentation\order_details\view\widgets\custom_order_progress_bar.dart
DA:5,0
DA:12,0
DA:14,0
DA:16,0
DA:17,0
DA:18,0
DA:19,0
DA:22,0
DA:23,0
DA:24,0
LF:10
LH:0
end_of_record
SF:lib\presentation\order_details\view\widgets\custom_order_status.dart
DA:9,0
DA:16,0
DA:18,0
DA:19,0
DA:20,0
DA:23,0
DA:24,0
DA:25,0
DA:28,0
DA:29,0
DA:31,0
DA:32,0
DA:33,0
DA:34,0
DA:39,0
DA:40,0
DA:41,0
DA:45,0
DA:46,0
DA:48,0
DA:49,0
LF:21
LH:0
end_of_record
SF:lib\presentation\order_details\view\widgets\custom_user_order_item.dart
DA:13,0
DA:21,0
DA:23,0
DA:24,0
DA:26,0
DA:27,0
DA:29,0
DA:30,0
DA:31,0
DA:32,0
DA:33,0
DA:35,0
DA:36,0
DA:37,0
DA:38,0
DA:42,0
DA:43,0
DA:45,0
DA:46,0
DA:47,0
DA:48,0
DA:49,0
DA:51,0
DA:54,0
DA:55,0
DA:56,0
DA:57,0
DA:59,0
DA:60,0
DA:62,0
DA:63,0
DA:64,0
DA:66,0
DA:74,0
DA:75,0
DA:76,0
DA:77,0
DA:78,0
DA:79,0
DA:80,0
DA:81,0
DA:84,0
DA:86,0
DA:87,0
DA:90,0
DA:91,0
DA:92,0
DA:93,0
DA:94,0
DA:97,0
DA:99,0
DA:100,0
LF:52
LH:0
end_of_record
SF:lib\presentation\order_details\view\widgets\order_details_body.dart
DA:16,0
DA:18,0
DA:20,0
DA:21,0
DA:22,0
DA:23,0
DA:24,0
DA:25,0
DA:27,0
DA:30,0
DA:31,0
DA:32,0
DA:33,0
DA:34,0
DA:35,0
DA:36,0
DA:38,0
DA:39,0
DA:41,0
DA:42,0
DA:46,0
DA:47,0
DA:48,0
DA:49,0
DA:50,0
DA:51,0
DA:53,0
DA:54,0
DA:56,0
DA:57,0
DA:61,0
DA:62,0
DA:63,0
DA:64,0
DA:65,0
DA:66,0
DA:68,0
DA:69,0
DA:71,0
DA:72,0
DA:76,0
DA:77,0
DA:78,0
DA:80,0
DA:81,0
DA:82,0
DA:83,0
DA:84,0
DA:85,0
DA:88,0
DA:89,0
DA:94,0
DA:95,0
DA:96,0
DA:98,0
DA:100,0
DA:101,0
DA:102,0
DA:103,0
DA:105,0
DA:106,0
DA:107,0
DA:109,0
DA:111,0
DA:113,0
DA:114,0
DA:116,0
DA:117,0
DA:118,0
DA:119,0
LF:70
LH:0
end_of_record
