SF:lib\api\client\api_client.g.dart
DA:14,4
DA:22,0
DA:24,0
DA:25,0
DA:26,0
DA:27,0
DA:28,0
DA:29,0
DA:30,0
DA:31,0
DA:32,0
DA:37,0
DA:39,0
DA:42,0
DA:44,0
DA:50,0
DA:52,0
DA:53,0
DA:54,0
DA:56,0
DA:57,0
DA:58,0
DA:59,0
DA:64,0
DA:66,0
DA:69,0
DA:71,0
DA:77,0
DA:81,0
DA:82,0
DA:83,0
DA:84,0
DA:85,0
DA:86,0
DA:87,0
DA:88,0
DA:89,0
DA:94,0
DA:96,0
DA:99,0
DA:101,0
DA:107,0
DA:111,0
DA:112,0
DA:113,0
DA:114,0
DA:115,0
DA:116,0
DA:117,0
DA:123,0
DA:124,0
DA:129,0
DA:131,0
DA:134,0
DA:136,0
DA:142,0
DA:144,0
DA:145,0
DA:146,0
DA:148,0
DA:149,0
DA:150,0
DA:151,0
DA:152,0
DA:156,0
DA:158,0
DA:161,0
DA:163,0
DA:169,1
DA:171,1
DA:172,1
DA:173,1
DA:175,1
DA:176,1
DA:177,1
DA:178,2
DA:183,6
DA:185,2
DA:188,2
DA:190,0
DA:196,0
DA:198,0
DA:199,0
DA:200,0
DA:202,0
DA:203,0
DA:204,0
DA:205,0
DA:210,0
DA:212,0
DA:215,0
DA:217,0
DA:223,0
DA:225,0
DA:226,0
DA:227,0
DA:229,0
DA:230,0
DA:231,0
DA:232,0
DA:237,0
DA:239,0
DA:242,0
DA:244,0
DA:250,1
DA:251,1
DA:252,2
DA:253,2
DA:254,1
DA:255,0
DA:257,1
DA:263,1
DA:264,0
DA:268,0
DA:270,0
DA:271,0
DA:274,0
LF:117
LH:19
end_of_record
SF:lib\api\models\responses\driver_dto.dart
DA:27,3
DA:45,0
DA:46,0
DA:49,0
DA:51,0
DA:53,0
DA:54,0
DA:55,0
DA:56,0
DA:57,0
DA:58,0
DA:59,0
DA:60,0
DA:61,0
DA:62,0
DA:63,0
DA:64,0
DA:65,0
DA:66,0
DA:67,0
DA:68,0
LF:21
LH:1
end_of_record
SF:lib\api\models\responses\driver_dto.g.dart
DA:9,0
DA:10,0
DA:11,0
DA:12,0
DA:13,0
DA:14,0
DA:15,0
DA:16,0
DA:17,0
DA:18,0
DA:19,0
DA:20,0
DA:21,0
DA:22,0
DA:23,0
DA:24,0
DA:26,0
DA:29,0
DA:30,0
DA:31,0
DA:32,0
DA:33,0
DA:34,0
DA:35,0
DA:36,0
DA:37,0
DA:38,0
DA:39,0
DA:40,0
DA:41,0
DA:42,0
DA:43,0
DA:44,0
LF:33
LH:0
end_of_record
SF:lib\api\models\responses\profile_info_response_dto\profile_info_response_dto.dart
DA:14,1
DA:16,0
DA:17,0
DA:20,0
DA:22,0
DA:23,0
LF:6
LH:1
end_of_record
SF:lib\api\models\responses\profile_info_response_dto\profile_info_response_dto.g.dart
DA:9,0
DA:11,0
DA:12,0
DA:13,0
DA:15,0
DA:18,0
DA:20,0
LF:7
LH:0
end_of_record
SF:lib\api\models\responses\upload_profile_image_response_dto\upload_profile_image_response_dto.dart
DA:10,2
DA:12,0
DA:13,0
DA:16,0
DA:18,0
DA:19,0
LF:6
LH:1
end_of_record
SF:lib\api\models\responses\upload_profile_image_response_dto\upload_profile_image_response_dto.g.dart
DA:9,0
DA:11,0
DA:13,0
DA:15,0
LF:4
LH:0
end_of_record
SF:lib\api\models\responses\vehicle_dto.dart
DA:17,3
DA:26,0
DA:27,0
DA:30,0
DA:32,0
DA:33,0
LF:6
LH:1
end_of_record
SF:lib\api\models\responses\vehicle_dto.g.dart
DA:9,0
DA:10,0
DA:11,0
DA:12,0
DA:13,0
DA:15,0
DA:16,0
DA:18,0
DA:19,0
DA:22,0
DA:23,0
DA:24,0
DA:25,0
DA:26,0
DA:27,0
DA:28,0
DA:29,0
LF:17
LH:0
end_of_record
SF:lib\api\models\responses\vehicle_response_dto\vehicle_response_dto.dart
DA:13,1
DA:15,0
DA:16,0
DA:19,0
DA:21,0
DA:22,0
LF:6
LH:1
end_of_record
SF:lib\api\models\responses\vehicle_response_dto\vehicle_response_dto.g.dart
DA:9,0
DA:10,0
DA:11,0
DA:12,0
DA:14,0
DA:17,0
DA:18,0
LF:7
LH:0
end_of_record
SF:lib\domain\entites\driver_entity.dart
DA:21,4
DA:41,1
DA:43,1
DA:44,1
DA:45,1
DA:46,1
DA:47,1
DA:48,1
DA:49,1
DA:50,1
DA:51,1
DA:52,1
DA:53,1
DA:54,1
DA:55,1
DA:56,1
DA:57,1
DA:58,1
LF:18
LH:18
end_of_record
SF:lib\domain\entites\requests\update_profile_info_request_entity.dart
DA:10,2
DA:17,0
DA:18,0
LF:3
LH:1
end_of_record
SF:lib\domain\entites\requests\update_vehicle_request_entity.dart
DA:8,0
LF:1
LH:0
end_of_record
SF:lib\domain\entites\upload_profile_image_response_entity.dart
DA:6,3
DA:8,1
DA:9,2
LF:3
LH:3
end_of_record
SF:lib\domain\entites\vehicle_entity.dart
DA:11,3
DA:20,1
DA:21,7
LF:3
LH:3
end_of_record
SF:lib\api\mapper\profile_info_mapper.dart
DA:15,2
DA:16,2
DA:17,2
DA:18,2
DA:19,2
DA:20,2
DA:21,2
DA:22,2
DA:23,2
DA:24,2
DA:25,2
DA:26,2
DA:27,2
DA:28,2
DA:29,2
DA:30,2
DA:31,2
DA:37,2
DA:38,2
DA:39,2
DA:40,2
DA:41,2
DA:42,2
DA:48,2
DA:49,4
DA:54,2
DA:55,2
DA:56,2
DA:57,2
DA:58,2
DA:59,2
DA:60,2
DA:61,2
DA:67,3
DA:68,6
DA:73,0
DA:74,0
DA:75,0
DA:76,0
DA:77,0
LF:40
LH:35
end_of_record
SF:lib\api\models\responses\logout_response_dto.dart
DA:10,2
DA:12,1
DA:13,1
DA:15,2
DA:17,0
DA:18,0
LF:6
LH:4
end_of_record
SF:lib\api\models\responses\logout_response_dto.g.dart
DA:9,1
DA:10,2
DA:12,1
DA:13,2
LF:4
LH:4
end_of_record
SF:lib\domain\entites\logout_response_entity.dart
DA:6,3
DA:8,0
DA:9,0
LF:3
LH:1
end_of_record
SF:lib\api\models\requests\auth\update_profile_info_request_dto.dart
DA:12,2
DA:19,0
DA:20,0
DA:22,0
DA:24,1
DA:25,5
LF:6
LH:3
end_of_record
SF:lib\api\models\requests\auth\update_profile_info_request_dto.g.dart
DA:9,0
DA:11,0
DA:12,0
DA:13,0
DA:14,0
DA:15,0
DA:18,0
DA:20,0
DA:21,0
DA:22,0
DA:23,0
DA:24,0
LF:12
LH:0
end_of_record
SF:lib\api\models\requests\login_request.dart
DA:13,2
DA:18,0
DA:19,0
DA:22,0
DA:23,0
DA:26,1
DA:27,3
LF:7
LH:3
end_of_record
SF:lib\api\models\requests\login_request.g.dart
DA:9,0
DA:10,0
DA:11,0
DA:14,0
DA:15,0
LF:5
LH:0
end_of_record
SF:lib\api\models\responses\login_response.dart
DA:12,6
DA:17,0
DA:18,0
DA:21,0
DA:22,0
LF:5
LH:1
end_of_record
SF:lib\api\models\responses\login_response.g.dart
DA:9,0
DA:10,0
DA:11,0
DA:12,0
DA:15,0
DA:16,0
LF:6
LH:0
end_of_record
SF:lib\api\models\responses\vehicles_response.dart
DA:12,0
DA:14,0
DA:15,0
DA:17,0
DA:27,0
DA:29,0
DA:30,0
DA:32,0
LF:8
LH:0
end_of_record
SF:lib\api\models\responses\vehicles_response.g.dart
DA:9,0
DA:10,0
DA:11,0
DA:12,0
DA:14,0
DA:15,0
DA:16,0
DA:17,0
DA:20,0
DA:21,0
DA:22,0
DA:23,0
DA:24,0
DA:27,0
DA:28,0
DA:29,0
DA:30,0
DA:31,0
DA:34,0
DA:35,0
DA:36,0
DA:37,0
DA:38,0
LF:23
LH:0
end_of_record
SF:lib\api\models\requests\auth\update_vehicle_request_dto.dart
DA:14,0
DA:19,0
DA:20,0
DA:22,0
DA:23,0
DA:24,0
DA:25,0
DA:26,0
DA:27,0
LF:9
LH:0
end_of_record
SF:lib\api\models\requests\auth\update_vehicle_request_dto.g.dart
DA:9,0
DA:11,0
DA:12,0
DA:13,0
DA:16,0
DA:18,0
DA:19,0
DA:20,0
LF:8
LH:0
end_of_record
SF:lib\api\data_source\auth_local_data_source_impl.dart
DA:11,4
DA:13,1
DA:17,2
DA:20,1
DA:21,2
DA:23,1
DA:25,2
DA:27,1
DA:30,2
DA:31,2
DA:35,1
DA:37,2
DA:40,1
DA:42,2
LF:14
LH:14
end_of_record
SF:lib\api\mapper\login_mapper.dart
DA:7,2
DA:8,6
DA:13,6
DA:14,18
LF:4
LH:4
end_of_record
SF:lib\domain\entites\login_entity.dart
DA:7,6
DA:9,1
DA:10,3
LF:3
LH:3
end_of_record
SF:lib\domain\entites\requests\login_request_entity.dart
DA:7,5
DA:9,2
DA:10,6
LF:3
LH:3
end_of_record
SF:lib\api\data_source\auth_remote_data_source_impl.dart
DA:27,4
DA:29,1
DA:31,1
DA:32,4
DA:33,2
DA:37,1
DA:39,1
DA:40,3
DA:41,3
DA:45,1
DA:49,1
DA:50,4
DA:51,3
DA:55,1
DA:59,1
DA:60,1
DA:61,3
DA:63,1
DA:64,3
DA:65,2
DA:69,1
DA:71,1
DA:72,3
DA:73,3
DA:77,1
DA:79,1
DA:80,3
DA:81,2
DA:85,0
DA:87,0
DA:88,0
DA:89,0
DA:93,0
DA:97,0
DA:98,0
DA:99,0
DA:100,0
DA:101,0
LF:38
LH:28
end_of_record
SF:lib\core\api_result\api_result.dart
DA:8,10
DA:14,10
DA:15,20
DA:16,6
DA:18,30
LF:5
LH:5
end_of_record
SF:lib\core\api_result\safe_api_call.dart
DA:3,1
DA:8,1
DA:9,2
DA:11,1
LF:4
LH:4
end_of_record
SF:lib\core\api_result\dio_error_handler.dart
DA:4,2
DA:5,2
DA:6,2
DA:7,0
DA:9,2
DA:10,0
DA:12,2
DA:13,0
DA:15,2
DA:16,0
DA:18,2
DA:19,0
DA:21,2
DA:22,0
DA:24,2
DA:25,0
DA:27,2
DA:28,8
DA:32,0
DA:33,0
DA:36,0
DA:37,0
DA:39,0
DA:40,0
DA:41,0
DA:43,0
DA:44,0
DA:45,0
DA:46,0
DA:47,0
DA:53,0
DA:57,0
DA:59,0
LF:33
LH:11
end_of_record
SF:lib\generated\l10n.dart
DA:16,5
DA:20,0
DA:22,0
DA:30,3
DA:31,3
DA:32,0
DA:33,3
DA:34,3
DA:35,9
DA:36,3
DA:37,3
DA:44,3
DA:45,3
DA:47,3
DA:53,3
DA:54,3
DA:58,0
DA:59,0
DA:63,0
DA:64,0
DA:68,0
DA:73,0
DA:74,0
DA:78,0
DA:83,0
DA:84,0
DA:88,0
DA:93,0
DA:94,0
DA:98,0
DA:103,0
DA:104,0
DA:108,0
DA:113,0
DA:114,0
DA:118,0
DA:123,0
DA:124,0
DA:128,0
DA:133,0
DA:134,0
DA:138,0
DA:143,0
DA:144,0
DA:148,0
DA:153,2
DA:154,2
DA:158,2
DA:163,0
DA:164,0
DA:168,0
DA:169,0
DA:173,0
DA:178,0
DA:179,0
DA:183,0
DA:188,0
DA:189,0
DA:193,0
DA:198,0
DA:199,0
DA:203,0
DA:208,1
DA:209,1
DA:213,1
DA:218,0
DA:219,0
DA:223,0
DA:228,1
DA:229,1
DA:233,1
DA:238,0
DA:239,0
DA:243,0
DA:248,0
DA:249,0
DA:253,0
DA:258,0
DA:259,0
DA:263,0
DA:268,0
DA:269,0
DA:273,0
DA:278,0
DA:279,0
DA:283,0
DA:288,0
DA:289,0
DA:293,0
DA:298,0
DA:299,0
DA:303,0
DA:308,1
DA:309,2
DA:313,0
DA:314,0
DA:318,0
DA:319,0
DA:323,0
DA:324,0
DA:328,1
DA:329,1
DA:333,1
DA:338,1
DA:339,2
DA:343,1
DA:344,1
DA:348,1
DA:353,1
DA:355,1
DA:360,1
DA:365,1
DA:366,2
DA:370,1
DA:371,2
DA:375,1
DA:376,2
DA:380,3
DA:381,6
DA:385,3
DA:386,6
DA:390,3
DA:391,6
DA:395,3
DA:396,6
DA:400,3
DA:401,3
DA:405,3
DA:410,3
DA:411,3
DA:415,3
DA:420,3
DA:421,3
DA:425,3
DA:430,3
DA:431,6
DA:435,1
DA:436,2
DA:440,0
DA:441,0
DA:445,0
DA:446,0
DA:450,0
DA:451,0
DA:455,0
DA:456,0
DA:460,0
DA:465,0
DA:466,0
DA:470,0
DA:475,0
DA:476,0
DA:480,0
DA:481,0
DA:485,0
DA:490,0
DA:491,0
DA:495,0
DA:496,0
DA:500,0
DA:501,0
DA:505,0
DA:510,0
DA:511,0
DA:515,0
DA:516,0
DA:520,0
DA:521,0
DA:525,0
DA:526,0
DA:530,0
DA:531,0
DA:535,0
DA:536,0
DA:540,0
DA:545,0
DA:546,0
DA:550,0
DA:555,0
DA:556,0
DA:560,0
DA:565,0
DA:566,0
DA:570,0
DA:575,0
DA:576,0
DA:580,0
DA:585,0
DA:586,0
DA:590,0
DA:595,0
DA:596,0
DA:600,0
DA:605,0
DA:606,0
DA:610,0
DA:615,0
DA:616,0
DA:620,0
DA:625,0
DA:626,0
DA:630,0
DA:636,1
DA:638,3
DA:642,3
DA:643,3
DA:644,3
DA:645,3
DA:646,0
DA:649,3
DA:650,6
DA:651,9
LF:212
LH:71
end_of_record
SF:lib\generated\intl\messages_all.dart
DA:22,9
DA:23,6
DA:26,3
DA:28,3
DA:29,3
DA:36,3
DA:37,3
DA:39,9
DA:40,0
DA:43,0
DA:45,6
DA:46,3
DA:47,9
DA:48,6
DA:49,3
DA:52,3
DA:54,3
DA:60,3
DA:61,3
DA:64,0
DA:67,3
LF:21
LH:18
end_of_record
SF:lib\generated\intl\messages_en.dart
DA:16,9
DA:21,0
DA:24,6
DA:25,3
DA:26,3
DA:27,3
DA:30,3
DA:33,3
DA:34,3
DA:35,3
DA:36,3
DA:39,3
DA:42,3
DA:43,3
DA:46,3
DA:47,3
DA:48,3
DA:51,3
DA:52,3
DA:55,3
DA:58,3
DA:61,3
DA:64,3
DA:67,3
DA:70,3
DA:71,3
DA:74,3
DA:75,3
DA:78,3
DA:79,3
DA:80,3
DA:83,3
DA:84,3
DA:85,3
DA:86,3
DA:87,3
DA:88,3
DA:91,3
DA:94,3
DA:97,3
DA:98,3
DA:99,3
DA:100,3
DA:101,3
DA:102,3
DA:105,3
DA:108,3
DA:111,3
DA:112,3
DA:113,3
DA:114,3
DA:117,3
DA:120,3
DA:121,3
DA:124,3
DA:127,3
DA:128,3
DA:131,3
DA:132,3
DA:135,3
DA:139,3
DA:142,3
DA:145,3
DA:146,3
DA:149,3
DA:150,3
DA:153,3
DA:154,3
DA:155,3
DA:158,3
DA:159,3
DA:160,3
DA:163,3
DA:164,3
LF:74
LH:73
end_of_record
SF:lib\data\repo\auth_repo_impl.dart
DA:21,4
DA:22,0
DA:24,0
DA:27,1
DA:31,2
DA:33,1
DA:34,4
DA:35,2
DA:39,1
DA:40,2
DA:48,0
DA:50,0
DA:53,0
DA:57,0
DA:60,0
DA:64,0
DA:67,0
DA:69,0
DA:72,0
DA:74,0
DA:75,0
DA:79,0
DA:83,0
LF:23
LH:8
end_of_record
SF:lib\domain\use_cases\edit_profile_use_case.dart
DA:11,4
DA:13,1
DA:15,2
LF:3
LH:3
end_of_record
SF:lib\domain\use_cases\get_logged_driver_data_use_case.dart
DA:10,4
DA:12,1
DA:13,2
LF:3
LH:3
end_of_record
SF:lib\domain\use_cases\get_vehicle_use_case.dart
DA:10,4
DA:12,1
DA:13,2
LF:3
LH:3
end_of_record
SF:lib\domain\use_cases\login_use_case.dart
DA:12,3
DA:14,1
DA:17,2
LF:3
LH:3
end_of_record
SF:lib\domain\use_cases\logout_use_case.dart
DA:10,4
DA:12,1
DA:13,2
LF:3
LH:3
end_of_record
SF:lib\domain\use_cases\upload_profile_photo_use_case.dart
DA:11,4
DA:13,1
DA:14,2
LF:3
LH:3
end_of_record
SF:lib\presentation\auth\login\view_model\login_view_model.dart
DA:21,4
DA:22,4
DA:31,4
DA:33,4
DA:34,2
DA:35,4
DA:36,2
DA:37,4
DA:38,4
DA:39,2
DA:40,2
DA:41,2
DA:42,2
DA:46,4
DA:47,8
DA:50,2
DA:51,2
DA:52,2
DA:53,2
DA:54,2
DA:55,2
DA:56,1
DA:60,2
DA:61,2
DA:62,4
DA:63,2
DA:64,4
DA:65,4
DA:69,2
DA:70,6
DA:71,2
DA:72,2
DA:73,6
DA:78,2
DA:79,8
DA:80,4
DA:82,6
DA:86,2
DA:87,8
DA:90,2
DA:91,12
DA:92,4
DA:94,4
DA:98,4
DA:100,8
DA:101,8
DA:102,4
LF:47
LH:47
end_of_record
SF:lib\presentation\auth\login\view_model\login_state.dart
DA:8,3
DA:10,2
DA:15,2
DA:16,0
DA:17,2
DA:18,2
DA:22,2
DA:23,8
LF:8
LH:7
end_of_record
SF:lib\api\client\dio_module.dart
DA:9,3
DA:11,3
DA:12,3
DA:19,6
DA:20,3
DA:31,6
DA:32,3
DA:33,0
DA:34,0
DA:35,0
DA:36,0
DA:38,0
LF:12
LH:7
end_of_record
SF:lib\core\utils\token_storage\token_storage.dart
DA:8,0
DA:10,0
DA:12,0
DA:14,0
DA:16,0
DA:17,0
DA:18,0
DA:22,0
DA:23,0
DA:26,0
DA:27,0
LF:11
LH:0
end_of_record
SF:lib\core\base_state\base_state.dart
DA:7,2
DA:8,0
DA:9,0
DA:10,0
DA:11,0
DA:12,0
DA:13,0
LF:7
LH:1
end_of_record
SF:lib\core\constants\app_colors.dart
DA:4,6
DA:17,6
DA:30,6
LF:3
LH:3
end_of_record
SF:lib\core\constants\app_theme.dart
DA:7,9
DA:9,3
DA:11,3
DA:13,3
DA:14,3
DA:15,3
DA:16,3
DA:18,3
DA:19,3
DA:20,3
DA:22,3
DA:23,6
DA:24,6
DA:25,6
DA:26,3
DA:27,3
DA:30,6
DA:31,3
DA:32,3
DA:37,3
DA:38,3
DA:41,3
DA:42,3
DA:43,3
DA:44,3
DA:47,6
DA:50,3
DA:52,3
DA:53,12
DA:54,3
DA:55,6
DA:59,3
DA:64,4
DA:65,1
DA:66,1
DA:68,1
DA:70,3
DA:71,3
DA:72,3
DA:73,3
DA:74,3
DA:88,3
DA:89,3
DA:90,3
DA:91,6
DA:92,3
DA:93,6
DA:94,6
DA:98,3
DA:99,3
DA:100,3
DA:103,3
DA:104,3
DA:118,3
DA:119,3
DA:120,6
DA:121,6
DA:125,3
DA:131,3
DA:132,3
DA:133,3
LF:61
LH:61
end_of_record
SF:lib\core\custom_widget\custom_dialog.dart
DA:14,1
DA:19,1
DA:20,1
DA:22,0
DA:23,0
DA:24,0
DA:25,0
DA:26,0
DA:28,0
DA:29,0
DA:30,0
DA:39,1
DA:47,1
DA:48,1
DA:50,1
DA:51,1
DA:52,2
DA:53,1
DA:56,1
DA:57,1
DA:58,2
DA:59,1
DA:60,0
DA:61,0
DA:62,0
DA:64,0
DA:67,1
DA:68,3
DA:69,4
DA:70,1
DA:82,0
DA:92,0
DA:93,0
DA:95,0
DA:96,0
DA:97,0
DA:98,0
DA:101,0
DA:102,0
DA:103,0
DA:104,0
DA:106,0
DA:107,0
DA:108,0
DA:109,0
DA:110,0
DA:111,0
DA:112,0
DA:113,0
DA:116,0
DA:117,0
DA:118,0
DA:120,0
DA:123,0
DA:124,0
DA:125,0
DA:126,0
DA:132,0
DA:133,0
DA:134,0
DA:135,0
DA:136,0
DA:138,0
DA:141,0
DA:142,0
DA:143,0
DA:144,0
LF:67
LH:18
end_of_record
SF:lib\core\custom_widget\test_app_wrapper.dart
DA:14,0
DA:16,3
DA:19,3
DA:21,3
DA:22,3
DA:24,6
DA:26,3
DA:30,3
DA:34,3
DA:35,3
DA:36,3
DA:43,3
LF:12
LH:11
end_of_record
SF:lib\core\router\app_router.dart
DA:15,9
DA:16,3
DA:18,2
DA:20,3
DA:22,0
DA:24,3
DA:26,0
DA:28,3
DA:30,2
DA:32,3
DA:34,0
DA:36,3
DA:38,0
DA:40,3
DA:42,0
DA:44,3
DA:46,0
DA:48,3
DA:50,0
DA:51,0
DA:52,0
DA:57,0
DA:58,0
DA:62,0
LF:24
LH:12
end_of_record
SF:lib\domain\use_cases\get_all_vehicles_use_case.dart
DA:10,0
DA:11,0
DA:12,0
LF:3
LH:0
end_of_record
SF:lib\domain\use_cases\update_vehicle_use_case.dart
DA:11,0
DA:12,0
DA:15,0
LF:3
LH:0
end_of_record
SF:lib\presentation\main_home\view_models\main_home_view_model.dart
DA:9,4
DA:13,1
DA:15,1
DA:16,2
DA:18,1
DA:19,2
DA:24,1
DA:25,2
DA:26,0
DA:28,3
DA:31,1
DA:32,3
DA:35,1
DA:37,2
DA:38,1
LF:15
LH:14
end_of_record
SF:lib\presentation\profile\view_models\edit_vehicle_view_model\edit_vehicle_view_model_state.dart
DA:4,2
DA:12,0
DA:17,0
DA:18,0
DA:19,0
DA:21,0
DA:25,0
DA:26,0
DA:27,0
DA:28,0
DA:29,0
LF:11
LH:1
end_of_record
SF:lib\presentation\profile\view_models\edit_vehicle_view_model\edit_vehicle_view_model.dart
DA:23,0
DA:24,0
DA:25,0
DA:26,0
DA:27,0
DA:31,0
DA:33,0
DA:34,0
DA:35,0
DA:36,0
DA:37,0
DA:38,0
DA:56,0
DA:57,0
DA:58,0
DA:59,0
DA:62,0
DA:63,0
DA:64,0
DA:65,0
DA:66,0
DA:67,0
DA:70,0
DA:71,0
DA:72,0
DA:74,0
DA:75,0
DA:76,0
DA:77,0
DA:78,0
DA:83,0
DA:84,0
DA:85,0
DA:87,0
DA:88,0
DA:89,0
DA:93,0
DA:94,0
DA:95,0
DA:97,0
DA:98,0
DA:99,0
DA:102,0
DA:103,0
DA:104,0
DA:105,0
DA:107,0
DA:108,0
DA:109,0
DA:110,0
DA:115,0
DA:116,0
DA:118,0
DA:119,0
DA:123,0
DA:124,0
DA:125,0
DA:126,0
DA:127,0
DA:128,0
LF:60
LH:0
end_of_record
SF:lib\presentation\profile\view_models\profile_view_model.dart
DA:29,3
DA:35,3
DA:36,9
DA:37,9
DA:38,9
DA:39,9
DA:54,0
DA:56,0
DA:57,0
DA:59,0
DA:60,0
DA:62,0
DA:63,0
DA:65,0
DA:66,0
DA:68,0
DA:69,0
DA:74,0
DA:76,0
DA:77,0
DA:78,0
DA:79,0
DA:81,0
DA:84,0
DA:85,0
DA:86,0
DA:88,0
DA:89,0
DA:90,0
DA:91,0
DA:92,0
DA:93,0
DA:94,0
DA:95,0
DA:96,0
DA:97,0
DA:98,0
DA:99,0
DA:100,0
DA:102,0
DA:108,0
DA:109,0
DA:110,0
DA:115,0
DA:116,0
DA:117,0
DA:119,0
DA:120,0
DA:121,0
DA:122,0
DA:123,0
DA:128,0
DA:129,0
DA:130,0
DA:131,0
DA:132,0
DA:133,0
DA:134,0
DA:135,0
DA:139,0
DA:140,0
DA:141,0
DA:143,0
DA:147,0
DA:148,0
DA:149,0
DA:154,0
DA:155,0
DA:157,0
DA:160,0
DA:161,0
DA:162,0
DA:163,0
DA:164,0
DA:165,0
DA:167,0
DA:173,0
DA:174,0
DA:175,0
DA:177,0
DA:178,0
DA:179,0
DA:180,0
DA:181,0
LF:84
LH:6
end_of_record
SF:lib\core\module\secure_storage_module.dart
DA:6,3
LF:1
LH:1
end_of_record
SF:lib\core\di\di.dart
DA:6,9
DA:8,3
DA:13,6
LF:3
LH:3
end_of_record
SF:lib\core\enums\gender_enum.dart
DA:3,0
DA:4,0
DA:5,0
DA:7,0
LF:4
LH:0
end_of_record
SF:lib\presentation\application_approved\views\screen\application_approved_screen.dart
DA:5,2
DA:7,1
LF:2
LH:2
end_of_record
SF:lib\presentation\home\views\screen\home_screen.dart
DA:4,2
DA:6,1
LF:2
LH:2
end_of_record
SF:lib\presentation\main_home\views\screen\main_home_screen.dart
DA:14,1
DA:18,1
DA:20,1
DA:21,1
DA:22,1
DA:23,1
DA:24,1
DA:25,3
DA:26,0
DA:27,0
DA:29,1
DA:30,2
DA:31,1
DA:32,1
DA:33,1
DA:35,4
DA:37,2
DA:39,1
DA:40,1
DA:42,4
DA:44,2
DA:46,1
DA:47,1
DA:49,4
DA:51,2
DA:55,1
DA:56,2
LF:27
LH:25
end_of_record
SF:lib\presentation\onboarding\views\screen\onboarding_screen.dart
DA:5,2
DA:7,1
LF:2
LH:2
end_of_record
SF:lib\presentation\orders\views\screen\orders_screen.dart
DA:4,2
DA:6,0
LF:2
LH:1
end_of_record
SF:lib\presentation\profile\views\screen\edit_profile_info_screen.dart
DA:8,2
DA:10,0
DA:12,0
DA:13,0
DA:14,0
DA:15,0
DA:16,0
DA:17,0
DA:18,0
DA:23,0
LF:10
LH:1
end_of_record
SF:lib\presentation\profile\views\screen\edit_vehicle_info_screen.dart
DA:14,0
DA:16,0
DA:18,0
DA:19,0
DA:21,0
DA:22,0
DA:23,0
DA:25,0
DA:27,0
DA:36,0
DA:37,0
DA:39,0
DA:40,0
DA:45,0
DA:46,0
DA:47,0
DA:48,0
DA:49,0
DA:52,0
LF:19
LH:0
end_of_record
SF:lib\presentation\profile\views\screen\profile_screen.dart
DA:10,1
DA:14,0
DA:16,0
DA:17,0
DA:18,0
DA:19,0
DA:20,0
DA:22,0
DA:24,0
DA:25,0
DA:26,0
DA:27,0
DA:31,0
DA:32,0
DA:33,0
DA:34,0
DA:36,0
DA:38,0
DA:41,0
DA:48,0
DA:49,0
DA:50,0
DA:51,0
LF:23
LH:1
end_of_record
SF:lib\presentation\auth\login\view\screen\login_screen.dart
DA:16,2
DA:18,3
DA:19,3
DA:27,3
DA:29,3
DA:30,9
DA:31,9
DA:34,3
DA:36,6
DA:37,3
DA:40,3
DA:42,3
DA:43,3
DA:44,9
DA:45,3
DA:46,6
DA:47,3
DA:49,0
DA:54,3
DA:55,3
DA:56,1
DA:57,2
DA:58,1
DA:59,1
DA:62,2
DA:63,1
DA:64,1
DA:65,1
DA:66,1
DA:68,2
DA:69,1
DA:71,1
DA:72,1
DA:75,6
LF:34
LH:33
end_of_record
SF:lib\core\utils\validations.dart
DA:4,0
DA:6,1
DA:7,1
DA:11,0
DA:12,2
DA:13,0
DA:14,2
DA:15,2
DA:21,1
DA:22,1
DA:26,0
DA:27,1
DA:28,0
DA:29,3
DA:30,2
DA:36,0
DA:37,0
DA:38,0
DA:39,0
DA:40,0
DA:46,0
DA:47,0
DA:49,0
DA:50,0
DA:51,0
DA:52,0
DA:53,0
DA:59,0
DA:60,0
DA:61,0
DA:67,0
DA:68,0
DA:69,0
DA:75,0
DA:76,0
DA:78,0
DA:79,0
DA:80,0
DA:81,0
DA:82,0
DA:83,0
DA:89,0
DA:90,0
DA:91,0
DA:93,0
DA:94,0
DA:95,0
DA:100,0
DA:101,0
DA:103,0
DA:104,0
DA:107,0
DA:108,0
LF:53
LH:10
end_of_record
SF:lib\presentation\application_approved\views\widgets\application_approved_view_body.dart
DA:11,2
DA:13,1
DA:15,1
DA:16,1
DA:17,1
DA:19,1
DA:22,1
DA:23,1
DA:24,2
DA:25,1
DA:27,1
DA:29,1
DA:30,2
DA:31,1
DA:32,1
DA:33,1
DA:40,2
DA:41,1
DA:42,2
DA:44,4
DA:48,2
DA:49,1
DA:50,2
DA:52,1
DA:54,3
DA:56,2
DA:57,1
DA:58,1
DA:60,1
DA:62,1
DA:63,1
DA:65,3
LF:32
LH:32
end_of_record
SF:lib\presentation\auth\login\view\widget\login_body_section.dart
DA:11,3
DA:13,3
DA:15,3
DA:16,6
DA:17,3
DA:18,9
DA:19,3
DA:20,3
DA:21,3
DA:22,6
DA:23,6
LF:11
LH:11
end_of_record
SF:lib\presentation\auth\login\view\widget\login_field_section.dart
DA:14,3
DA:16,3
DA:18,3
DA:19,3
DA:20,3
DA:21,3
DA:23,6
DA:24,9
DA:26,3
DA:27,6
DA:28,6
DA:32,3
DA:34,3
DA:35,6
DA:36,3
DA:37,3
DA:40,6
DA:41,9
DA:43,3
DA:44,6
DA:45,6
DA:46,3
DA:50,1
DA:51,3
DA:53,3
DA:54,3
DA:61,3
DA:69,1
DA:70,3
LF:29
LH:29
end_of_record
SF:lib\presentation\auth\login\view\widget\login_footer_section.dart
DA:15,3
DA:17,3
DA:19,3
DA:21,3
DA:22,3
DA:23,3
DA:25,3
DA:26,3
DA:27,6
DA:28,3
DA:29,3
DA:30,3
DA:32,6
DA:35,3
DA:36,6
DA:37,9
DA:40,1
DA:41,3
DA:47,3
DA:49,1
DA:50,1
DA:52,3
DA:53,6
DA:54,12
DA:55,3
DA:57,3
DA:63,3
DA:64,6
DA:65,3
DA:66,3
DA:68,3
DA:69,1
DA:70,4
DA:71,3
DA:75,3
DA:76,6
DA:77,12
DA:78,3
LF:38
LH:38
end_of_record
SF:lib\presentation\main_home\view_models\main_home_events.dart
DA:5,1
DA:10,1
LF:2
LH:2
end_of_record
SF:lib\presentation\main_home\view_models\main_home_states.dart
DA:6,2
DA:8,1
DA:9,1
DA:12,1
DA:13,2
LF:5
LH:5
end_of_record
SF:lib\presentation\main_home\views\widgets\custom_nav_bar_icon.dart
DA:7,1
DA:13,1
DA:15,4
DA:16,1
DA:17,2
LF:5
LH:5
end_of_record
SF:lib\presentation\main_home\views\widgets\custom_page_view.dart
DA:10,1
DA:12,1
DA:14,1
DA:15,0
DA:16,0
DA:19,2
DA:20,1
DA:23,1
LF:8
LH:6
end_of_record
SF:lib\presentation\onboarding\views\widgets\onboarding_view_body.dart
DA:11,2
DA:13,1
DA:15,1
DA:16,2
DA:17,1
DA:19,1
DA:20,2
DA:21,1
DA:22,1
DA:23,1
DA:32,2
DA:33,1
DA:34,2
DA:35,1
DA:37,3
DA:39,2
DA:40,1
DA:41,1
DA:43,1
DA:45,1
DA:46,1
DA:48,3
DA:51,2
DA:52,1
DA:53,1
DA:55,1
DA:57,4
DA:58,2
DA:59,1
DA:60,1
DA:61,1
DA:66,0
DA:67,0
DA:69,1
DA:70,2
DA:71,4
LF:36
LH:34
end_of_record
SF:lib\presentation\profile\view_models\edit_vehicle_view_model\edit_vehicle_event.dart
DA:6,0
LF:1
LH:0
end_of_record
SF:lib\presentation\profile\view_models\profile_events.dart
DA:9,0
DA:16,0
LF:2
LH:0
end_of_record
SF:lib\presentation\profile\view_models\profile_states.dart
DA:17,2
DA:27,0
DA:36,0
DA:37,0
DA:38,0
DA:39,0
DA:40,0
DA:41,0
DA:42,0
DA:43,0
DA:47,0
DA:48,0
LF:12
LH:1
end_of_record
SF:lib\presentation\profile\views\widgets\edit_profile_info_view_body.dart
DA:16,0
DA:20,0
DA:22,0
DA:23,0
DA:24,0
DA:25,0
DA:26,0
DA:27,0
DA:28,0
DA:29,0
DA:30,0
DA:31,0
DA:32,0
DA:33,0
DA:34,0
DA:35,0
DA:36,0
DA:37,0
DA:38,0
DA:40,0
DA:41,0
DA:42,0
DA:43,0
DA:44,0
DA:46,0
DA:47,0
DA:49,0
DA:50,0
DA:51,0
DA:52,0
DA:53,0
DA:55,0
DA:69,0
DA:70,0
DA:71,0
DA:73,0
DA:78,0
LF:37
LH:0
end_of_record
SF:lib\presentation\profile\views\widgets\edit_vehicle_info_view_body.dart
DA:12,0
DA:15,0
DA:16,0
DA:20,0
DA:22,0
DA:23,0
DA:24,0
DA:25,0
DA:27,0
DA:30,0
DA:32,0
DA:33,0
DA:34,0
DA:35,0
DA:36,0
DA:37,0
DA:38,0
DA:39,0
DA:41,0
DA:43,0
DA:44,0
DA:45,0
DA:48,0
LF:23
LH:0
end_of_record
SF:lib\presentation\profile\views\widgets\profile_view_body.dart
DA:20,2
DA:22,0
DA:23,0
DA:29,0
DA:31,0
DA:32,0
DA:38,0
DA:40,0
DA:41,0
DA:42,0
DA:43,0
DA:44,0
DA:45,0
DA:49,0
DA:50,0
DA:51,0
DA:52,0
DA:53,0
DA:55,0
DA:56,0
DA:57,0
DA:58,0
DA:59,0
DA:60,0
DA:61,0
DA:62,0
DA:64,0
DA:65,0
DA:66,0
DA:67,0
DA:68,0
DA:70,0
DA:71,0
DA:72,0
DA:73,0
DA:74,0
DA:75,0
DA:82,0
DA:83,0
DA:84,0
DA:85,0
DA:87,0
DA:91,0
DA:92,0
DA:93,0
DA:95,0
DA:101,0
DA:102,0
DA:103,0
DA:104,0
DA:105,0
DA:107,0
DA:108,0
DA:109,0
DA:110,0
DA:111,0
DA:112,0
DA:119,0
DA:120,0
DA:121,0
DA:122,0
DA:124,0
DA:128,0
DA:129,0
DA:130,0
DA:133,0
DA:134,0
DA:135,0
DA:136,0
DA:141,0
DA:142,0
DA:143,0
DA:157,0
DA:158,0
LF:74
LH:1
end_of_record
SF:lib\presentation\profile\views\widgets\custom_text_field_edit_vehicle.dart
DA:14,2
DA:16,0
DA:18,0
DA:19,0
DA:20,0
DA:21,0
DA:22,0
DA:23,0
DA:24,0
DA:26,0
DA:29,0
DA:30,0
DA:31,0
DA:33,0
DA:34,0
DA:35,0
DA:36,0
DA:37,0
DA:38,0
DA:39,0
DA:40,0
DA:41,0
DA:45,0
DA:54,0
DA:55,0
DA:56,0
DA:57,0
DA:60,0
DA:62,0
DA:63,0
DA:65,0
DA:66,0
DA:67,0
DA:69,0
DA:70,0
DA:71,0
DA:72,0
DA:73,0
DA:74,0
DA:75,0
DA:76,0
DA:77,0
DA:78,0
DA:79,0
DA:81,0
DA:82,0
DA:86,0
DA:92,0
DA:93,0
DA:94,0
LF:50
LH:1
end_of_record
SF:lib\presentation\profile\views\widgets\custom_text_filed_upload_license.dart
DA:12,2
DA:14,0
DA:16,0
DA:17,0
DA:18,0
DA:19,0
DA:20,0
DA:21,0
DA:22,0
DA:24,0
DA:29,0
DA:30,0
DA:33,0
DA:34,0
DA:35,0
DA:36,0
DA:37,0
DA:39,0
DA:42,0
LF:19
LH:1
end_of_record
SF:lib\presentation\profile\views\widgets\edit_profile_image_section.dart
DA:12,0
DA:14,0
DA:16,0
DA:17,0
DA:18,0
DA:19,0
DA:20,0
DA:21,0
DA:22,0
DA:24,0
DA:25,0
DA:26,0
DA:28,0
DA:29,0
DA:35,0
DA:38,0
DA:39,0
DA:40,0
DA:44,0
DA:47,0
DA:48,0
DA:49,0
DA:50,0
DA:51,0
LF:24
LH:0
end_of_record
SF:lib\presentation\profile\views\widgets\edit_profile_info_form.dart
DA:11,0
DA:13,0
DA:15,0
DA:16,0
DA:17,0
DA:18,0
DA:19,0
DA:20,0
DA:21,0
DA:22,0
DA:23,0
DA:24,0
DA:26,0
DA:27,0
DA:31,0
DA:32,0
DA:33,0
DA:34,0
DA:35,0
DA:37,0
DA:38,0
DA:44,0
DA:45,0
DA:46,0
DA:47,0
DA:49,0
DA:50,0
DA:53,0
DA:54,0
DA:56,0
DA:57,0
DA:59,0
DA:60,0
DA:63,0
DA:64,0
DA:69,0
DA:70,0
DA:71,0
DA:72,0
DA:73,0
DA:75,0
DA:76,0
DA:77,0
DA:80,0
LF:44
LH:0
end_of_record
SF:lib\presentation\profile\views\widgets\gender_radio_list_tile.dart
DA:12,0
DA:14,0
DA:15,0
DA:20,0
DA:22,0
DA:23,0
DA:24,0
DA:25,0
DA:26,0
DA:28,0
DA:30,0
DA:31,0
DA:32,0
DA:33,0
DA:34,0
DA:37,0
DA:38,0
DA:39,0
DA:40,0
DA:41,0
DA:47,0
DA:48,0
DA:49,0
DA:50,0
DA:51,0
DA:54,0
DA:55,0
DA:56,0
DA:57,0
DA:58,0
LF:30
LH:0
end_of_record
SF:lib\presentation\profile\views\widgets\edit_vehicle_info_body_builder.dart
DA:13,2
DA:15,0
DA:17,0
DA:18,0
DA:19,0
DA:20,0
DA:21,0
DA:22,0
DA:23,0
DA:24,0
DA:25,0
DA:27,0
DA:28,0
DA:29,0
DA:31,0
DA:35,0
DA:36,0
DA:37,0
DA:40,0
DA:43,0
DA:45,0
DA:46,0
DA:47,0
DA:48,0
DA:53,0
DA:54,0
DA:55,0
DA:59,0
DA:60,0
DA:62,0
DA:64,0
DA:71,0
LF:32
LH:1
end_of_record
SF:lib\presentation\profile\views\widgets\logout_dialog.dart
DA:8,0
DA:10,0
DA:12,0
DA:13,0
DA:14,0
DA:16,0
DA:18,0
DA:19,0
DA:20,0
DA:21,0
DA:24,0
DA:25,0
DA:26,0
DA:29,0
DA:31,0
DA:32,0
DA:33,0
DA:41,0
DA:42,0
DA:43,0
DA:44,0
DA:48,0
DA:49,0
DA:50,0
DA:57,0
DA:58,0
DA:59,0
DA:61,0
DA:62,0
DA:63,0
DA:65,0
LF:31
LH:0
end_of_record
SF:lib\presentation\profile\views\widgets\profile_details_card.dart
DA:12,0
DA:14,0
DA:16,0
DA:18,0
DA:19,0
DA:20,0
DA:22,0
DA:23,0
DA:24,0
DA:26,0
DA:28,0
DA:29,0
DA:30,0
DA:31,0
DA:32,0
DA:33,0
DA:35,0
DA:36,0
DA:37,0
DA:41,0
DA:42,0
DA:43,0
DA:46,0
DA:47,0
DA:48,0
DA:49,0
DA:51,0
DA:52,0
DA:53,0
DA:54,0
DA:56,0
DA:58,0
DA:59,0
DA:60,0
DA:61,0
DA:62,0
DA:64,0
DA:69,0
DA:70,0
DA:71,0
DA:72,0
DA:73,0
LF:42
LH:0
end_of_record
SF:lib\presentation\profile\views\widgets\vehicle_info_card.dart
DA:13,0
DA:19,0
DA:21,0
DA:23,0
DA:24,0
DA:25,0
DA:27,0
DA:28,0
DA:29,0
DA:31,0
DA:33,0
DA:34,0
DA:35,0
DA:36,0
DA:37,0
DA:38,0
DA:41,0
DA:42,0
DA:43,0
DA:44,0
DA:46,0
DA:47,0
DA:48,0
DA:49,0
DA:50,0
DA:52,0
DA:54,0
DA:55,0
DA:56,0
DA:57,0
DA:58,0
DA:60,0
DA:66,0
DA:67,0
DA:68,0
DA:69,0
DA:70,0
LF:37
LH:0
end_of_record
